[2026-04-28 00:00:20] INFO: Application startup: Molecast version=0.1.0 environment=local
[2026-04-28 00:00:20] INFO: Database initialized with default location: Portage, MI 49002
[2026-04-28 00:00:20] INFO: Alert ingestion started with refresh interval: 60 seconds
[2026-04-28 00:02:36] WARNING: Unable to fetch live NWS alerts; returning local test alerts only. test_alert_count=1
[2026-04-28 00:13:05] INFO: Request completed: method=GET path=/favicon.ico status_code=404 duration_ms=0.58
[2026-04-28 00:31:10] WARNING: Unable to fetch live NWS alerts; returning local test alerts only. test_alert_count=1
[2026-04-28 00:31:45] INFO: Application shutdown: Molecast
[2026-04-28 00:33:28] INFO: Application startup: Molecast version=0.1.0 environment=local
[2026-04-28 00:33:28] INFO: Database initialized with default location: Portage, MI 49002
[2026-04-28 00:33:28] INFO: Alert ingestion started with refresh interval: 60 seconds
[2026-04-28 00:34:39] WARNING: Unable to fetch live NWS alerts; returning local test alerts only. test_alert_count=1
[2026-04-28 00:35:25] INFO: Request completed: method=GET path=/favicon.ico status_code=404 duration_ms=0.64
[2026-04-28 00:48:10] INFO: Request completed: method=GET path=/ status_code=200 duration_ms=15.19
[2026-04-28 00:48:11] INFO: Request completed: method=GET path=/api/alerts/active status_code=200 duration_ms=6.00
[2026-04-28 00:55:39] INFO: Request completed: method=GET path=/test-alerts status_code=200 duration_ms=5.05
[2026-04-28 00:55:39] INFO: Request completed: method=GET path=/api/test-alerts status_code=200 duration_ms=2.98
[2026-04-28 01:10:08] INFO: Request completed: method=GET path=/api/test-alerts/status status_code=404 duration_ms=0.31
[2026-04-28 01:10:08] INFO: Request completed: method=GET path=/api/test-alerts status_code=200 duration_ms=2.38
[2026-04-28 01:10:08] INFO: Request completed: method=GET path=/api/alerts/active status_code=200 duration_ms=2.97
[2026-04-28 01:10:45] INFO: Application shutdown: Molecast
[2026-04-28 01:10:48] INFO: Application startup: Molecast version=0.1.0 environment=local
[2026-04-28 01:10:48] INFO: Database initialized with default location: Portage, MI 49002
[2026-04-28 01:10:48] INFO: Alert ingestion started with refresh interval: 60 seconds
[2026-04-28 01:10:56] INFO: Request completed: method=GET path=/api/test-alerts/status status_code=200 duration_ms=3.48
[2026-04-28 01:10:56] INFO: Request completed: method=GET path=/api/alerts/active status_code=200 duration_ms=3.60
[2026-04-28 01:10:56] INFO: Request completed: method=GET path=/test-alerts status_code=200 duration_ms=6.90
[2026-04-28 01:11:23] INFO: Request completed: method=GET path=/test-alerts status_code=200 duration_ms=1.65
[2026-04-28 01:11:23] INFO: Request completed: method=GET path=/api/test-alerts/status status_code=200 duration_ms=3.75
[2026-04-28 01:19:36] INFO: Request completed: method=GET path=/api/test-alerts status_code=200 duration_ms=1.64
[2026-04-28 01:19:36] INFO: Saved test alert file: file=/app/test/alerts_test.json alerts=15 enabled=1 backup=/app/test/alerts_test.json.bak
[2026-04-28 01:19:37] INFO: Test alert refresh triggered: location_id=1 active_alerts=1 active_test_alerts=1 refreshed_at=2026-04-28T01:19:37.087162+00:00
[2026-04-28 01:19:37] INFO: Request completed: method=PUT path=/api/test-alerts status_code=200 duration_ms=365.56
[2026-04-28 01:19:37] INFO: Request completed: method=GET path=/api/alerts/active status_code=200 duration_ms=4.27
[2026-04-28 01:19:37] INFO: Request completed: method=GET path=/api/test-alerts/status status_code=200 duration_ms=2.51
[2026-04-28 01:19:37] INFO: Request completed: method=GET path=/api/test-alerts status_code=200 duration_ms=1.34
[2026-04-28 01:19:37] INFO: Saved test alert file: file=/app/test/alerts_test.json alerts=15 enabled=0 backup=/app/test/alerts_test.json.bak
[2026-04-28 01:19:37] INFO: Test alert refresh triggered: location_id=1 active_alerts=0 active_test_alerts=0 refreshed_at=2026-04-28T01:19:37.230433+00:00
[2026-04-28 01:19:37] INFO: Request completed: method=PUT path=/api/test-alerts status_code=200 duration_ms=126.62
[2026-04-28 01:19:37] INFO: Request completed: method=GET path=/api/alerts/active status_code=200 duration_ms=3.85
[2026-04-28 01:19:37] INFO: Request completed: method=GET path=/api/test-alerts/status status_code=200 duration_ms=4.19
[2026-04-28 01:19:37] INFO: Saved test alert file: file=/app/test/alerts_test.json alerts=15 enabled=1 backup=/app/test/alerts_test.json.bak
[2026-04-28 01:19:37] INFO: Test alert refresh triggered: location_id=1 active_alerts=0 active_test_alerts=0 refreshed_at=2026-04-28T01:19:37.392330+00:00
[2026-04-28 01:19:37] INFO: Request completed: method=PUT path=/api/test-alerts status_code=200 duration_ms=147.63
[2026-04-28 01:19:37] INFO: Request completed: method=GET path=/api/test-alerts/status status_code=200 duration_ms=7.37
[2026-04-28 01:22:11] INFO: Request completed: method=GET path=/ status_code=200 duration_ms=7.23
[2026-04-28 01:22:12] INFO: Request completed: method=GET path=/api/alerts/active status_code=200 duration_ms=4.75
[2026-04-28 01:22:17] INFO: Request completed: method=GET path=/test-alerts status_code=200 duration_ms=1.09
[2026-04-28 01:22:17] INFO: Request completed: method=GET path=/api/test-alerts status_code=200 duration_ms=2.41
[2026-04-28 01:23:22] INFO: Application shutdown: Molecast
[2026-04-28 01:23:24] INFO: Application startup: Molecast version=0.1.0 environment=local
[2026-04-28 01:23:24] INFO: Database initialized with default location: Portage, MI 49002
[2026-04-28 01:23:24] INFO: Alert ingestion started with refresh interval: 60 seconds
[2026-04-28 01:23:51] INFO: Request completed: method=GET path=/test-alerts status_code=200 duration_ms=10.21
[2026-04-28 01:23:51] INFO: Request completed: method=GET path=/api/test-alerts status_code=200 duration_ms=2.47
[2026-04-28 01:24:45] INFO: Test alert refresh triggered: location_id=1 active_alerts=0 active_test_alerts=0 refreshed_at=2026-04-28T01:24:45.445204+00:00
[2026-04-28 01:24:45] INFO: Request completed: method=POST path=/api/test-alerts/refresh status_code=200 duration_ms=324.73
[2026-04-28 01:25:17] INFO: Request completed: method=PUT path=/api/test-alerts status_code=422 duration_ms=3.64
[2026-04-28 01:25:22] INFO: Request completed: method=GET path=/test-alerts status_code=200 duration_ms=1.17
[2026-04-28 01:25:23] INFO: Request completed: method=GET path=/api/test-alerts status_code=200 duration_ms=3.62
[2026-04-28 01:25:33] INFO: Request completed: method=GET path=/ status_code=200 duration_ms=7.48
[2026-04-28 01:25:34] INFO: Request completed: method=GET path=/api/alerts/active status_code=200 duration_ms=8.32
[2026-04-28 01:25:37] INFO: Request completed: method=GET path=/test-alerts status_code=200 duration_ms=1.18
[2026-04-28 01:25:38] INFO: Request completed: method=GET path=/api/test-alerts status_code=200 duration_ms=3.53
[2026-04-28 01:35:34] INFO: Request completed: method=GET path=/api/test-alerts/status status_code=200 duration_ms=4.85
[2026-04-28 01:35:34] INFO: Request completed: method=GET path=/api/test-alerts status_code=200 duration_ms=3.74
[2026-04-28 01:35:35] INFO: Request completed: method=GET path=/api/alerts/active status_code=200 duration_ms=8.59
[2026-04-28 01:36:27] WARNING: Unable to fetch live NWS alerts; returning local test alerts only. test_alert_count=0
[2026-04-28 01:36:27] INFO: Test alert refresh triggered: location_id=1 active_alerts=0 active_test_alerts=0 refreshed_at=2026-04-28T01:36:27.465174+00:00
[2026-04-28 01:36:27] INFO: Request completed: method=POST path=/api/test-alerts/refresh status_code=200 duration_ms=10143.36
[2026-04-28 01:36:56] INFO: Request completed: method=GET path=/api/test-alerts/status status_code=200 duration_ms=6.87
[2026-04-28 01:37:23] INFO: Request completed: method=GET path=/api/test-alerts status_code=200 duration_ms=1.34
[2026-04-28 01:37:23] INFO: Saved test alert file: file=/app/test/alerts_test.json alerts=15 enabled=1 backup=/app/test/alerts_test.json.bak
[2026-04-28 01:37:24] INFO: Test alert refresh triggered: location_id=1 active_alerts=1 active_test_alerts=1 refreshed_at=2026-04-28T01:37:24.157667+00:00
[2026-04-28 01:37:24] INFO: Request completed: method=PUT path=/api/test-alerts status_code=200 duration_ms=590.05
[2026-04-28 01:37:24] INFO: Request completed: method=GET path=/api/test-alerts status_code=200 duration_ms=1.97
[2026-04-28 01:37:24] INFO: Request completed: method=GET path=/api/alerts/active status_code=200 duration_ms=3.53
[2026-04-28 01:37:24] INFO: Request completed: method=GET path=/api/test-alerts/status status_code=200 duration_ms=4.07
[2026-04-28 01:37:24] INFO: Saved test alert file: file=/app/test/alerts_test.json alerts=15 enabled=1 backup=/app/test/alerts_test.json.bak
[2026-04-28 01:37:24] INFO: Test alert refresh triggered: location_id=1 active_alerts=0 active_test_alerts=0 refreshed_at=2026-04-28T01:37:24.298713+00:00
[2026-04-28 01:37:24] INFO: Request completed: method=PUT path=/api/test-alerts status_code=200 duration_ms=125.18
[2026-04-28 01:37:24] INFO: Request completed: method=GET path=/api/test-alerts/status status_code=200 duration_ms=5.95
[2026-04-28 01:39:41] WARNING: Unable to fetch live NWS alerts; returning local test alerts only. test_alert_count=0
[2026-04-28 01:42:46] INFO: Request completed: method=GET path=/api/test-alerts/status status_code=200 duration_ms=5.86
[2026-04-28 01:42:46] INFO: Request completed: method=GET path=/api/alerts/active status_code=200 duration_ms=5.87
[2026-04-28 01:50:19] INFO: Request completed: method=GET path=/api/test-alerts/status status_code=200 duration_ms=3.43
[2026-04-28 01:50:29] INFO: Request completed: method=GET path=/api/test-alerts status_code=200 duration_ms=2.20
[2026-04-28 02:02:06] INFO: Application shutdown: Molecast
[2026-04-28 02:02:09] INFO: Application startup: Molecast version=0.1.0 environment=local
[2026-04-28 02:02:09] INFO: Database initialized with default location: Portage, MI 49002
[2026-04-28 02:02:09] INFO: Alert ingestion started with refresh interval: 60 seconds
[2026-04-28 02:02:27] INFO: Request completed: method=GET path=/api/test-alerts status_code=200 duration_ms=3.85
[2026-04-28 02:02:28] INFO: Request completed: method=GET path=/api/alerts/active status_code=200 duration_ms=4.35
[2026-04-28 02:02:28] INFO: Request completed: method=GET path=/api/test-alerts/status status_code=200 duration_ms=265.80
[2026-04-28 02:02:37] INFO: Request completed: method=GET path=/api/alerts/active status_code=200 duration_ms=3.69
[2026-04-28 02:03:15] INFO: Application shutdown: Molecast
[2026-04-28 02:03:18] INFO: Application startup: Molecast version=0.1.0 environment=local
[2026-04-28 02:03:18] INFO: Database initialized with default location: Portage, MI 49002
[2026-04-28 02:03:18] INFO: Alert ingestion started with refresh interval: 60 seconds
[2026-04-28 02:03:29] INFO: Request completed: method=GET path=/api/test-alerts/status status_code=200 duration_ms=87.12
[2026-04-28 02:03:29] INFO: Request completed: method=GET path=/api/alerts/active status_code=200 duration_ms=122.08
[2026-04-28 02:24:06] INFO: Request completed: method=GET path=/test-alerts status_code=200 duration_ms=13.43
[2026-04-28 02:24:06] INFO: Request completed: method=GET path=/api/test-alerts status_code=200 duration_ms=4.40
[2026-04-28 02:24:07] INFO: Request completed: method=GET path=/api/test-alerts/status status_code=200 duration_ms=761.78
[2026-04-28 02:26:04] WARNING: Unable to fetch live NWS alerts; returning local test alerts only. test_alert_count=1
[2026-04-28 02:28:06] INFO: Saved test alert file: file=/app/test/alerts_test.json alerts=15 enabled=2 backup=/app/test/alerts_test.json.bak
[2026-04-28 02:28:07] INFO: Test alert refresh triggered: location_id=1 active_alerts=2 active_test_alerts=2 refreshed_at=2026-04-28T02:28:07.379379+00:00
[2026-04-28 02:28:07] INFO: Request completed: method=PUT path=/api/test-alerts status_code=200 duration_ms=638.42
[2026-04-28 02:28:07] INFO: Request completed: method=GET path=/api/test-alerts status_code=200 duration_ms=2.29
[2026-04-28 02:28:08] INFO: Request completed: method=GET path=/api/test-alerts/status status_code=200 duration_ms=766.22
[2026-04-28 02:28:13] INFO: Request completed: method=GET path=/ status_code=200 duration_ms=12.89
[2026-04-28 02:28:13] INFO: Request completed: method=GET path=/api/alerts/active status_code=200 duration_ms=9.16
[2026-04-28 02:28:19] INFO: Request completed: method=GET path=/test-alerts status_code=200 duration_ms=1.13
[2026-04-28 02:28:19] INFO: Request completed: method=GET path=/api/test-alerts status_code=200 duration_ms=3.48
[2026-04-28 02:28:20] INFO: Request completed: method=GET path=/api/test-alerts/status status_code=200 duration_ms=706.59
[2026-04-28 02:28:28] INFO: Saved test alert file: file=/app/test/alerts_test.json alerts=15 enabled=3 backup=/app/test/alerts_test.json.bak
[2026-04-28 02:28:29] INFO: Test alert refresh triggered: location_id=1 active_alerts=3 active_test_alerts=3 refreshed_at=2026-04-28T02:28:29.355167+00:00
[2026-04-28 02:28:29] INFO: Request completed: method=PUT path=/api/test-alerts status_code=200 duration_ms=797.14
[2026-04-28 02:28:29] INFO: Request completed: method=GET path=/api/test-alerts status_code=200 duration_ms=2.92
[2026-04-28 02:28:29] INFO: Request completed: method=GET path=/api/test-alerts/status status_code=200 duration_ms=599.04
[2026-04-28 02:28:35] INFO: Request completed: method=GET path=/ status_code=200 duration_ms=5.05
[2026-04-28 02:28:35] INFO: Request completed: method=GET path=/api/alerts/active status_code=200 duration_ms=5.69
[2026-04-28 02:28:55] INFO: Request completed: method=GET path=/test-alerts status_code=200 duration_ms=1.09
[2026-04-28 02:28:56] INFO: Request completed: method=GET path=/api/test-alerts status_code=200 duration_ms=3.93
[2026-04-28 02:28:57] INFO: Request completed: method=GET path=/api/test-alerts/status status_code=200 duration_ms=1010.87
[2026-04-28 02:30:13] INFO: Request completed: method=GET path=/test-alerts status_code=200 duration_ms=0.91
[2026-04-28 02:30:14] INFO: Request completed: method=GET path=/api/test-alerts status_code=200 duration_ms=6.38
[2026-04-28 02:30:14] INFO: Request completed: method=GET path=/favicon.ico status_code=404 duration_ms=0.45
[2026-04-28 02:30:14] INFO: Request completed: method=GET path=/api/test-alerts/status status_code=200 duration_ms=132.59
[2026-04-28 02:30:15] INFO: Request completed: method=GET path=/ status_code=200 duration_ms=3.22
[2026-04-28 02:30:15] INFO: Request completed: method=GET path=/api/alerts/active status_code=200 duration_ms=3.96
[2026-04-28 02:30:53] INFO: Request completed: method=GET path=/test-alerts status_code=200 duration_ms=1.30
[2026-04-28 02:30:55] INFO: Request completed: method=GET path=/api/test-alerts status_code=200 duration_ms=2.95
[2026-04-28 02:30:55] INFO: Request completed: method=GET path=/favicon.ico status_code=404 duration_ms=0.35
[2026-04-28 02:30:55] INFO: Request completed: method=GET path=/api/test-alerts/status status_code=200 duration_ms=248.67
[2026-04-28 02:30:56] INFO: Request completed: method=GET path=/ status_code=200 duration_ms=4.37
[2026-04-28 02:30:56] INFO: Request completed: method=GET path=/api/alerts/active status_code=200 duration_ms=3.39
[2026-04-28 02:46:51] INFO: Application shutdown: Molecast
[2026-04-28 02:46:53] INFO: Application startup: Molecast version=0.1.0 environment=local
[2026-04-28 02:46:54] INFO: Database initialized with default location: Portage, MI 49002
[2026-04-28 02:46:54] INFO: Alert ingestion started with refresh interval: 60 seconds
[2026-04-28 02:53:03] INFO: Request completed: method=GET path=/test-alerts status_code=200 duration_ms=5.75
[2026-04-28 02:53:05] INFO: Request completed: method=GET path=/api/test-alerts status_code=200 duration_ms=5.55
[2026-04-28 02:53:05] INFO: Request completed: method=GET path=/api/test-alerts/status status_code=200 duration_ms=234.52
[2026-04-28 02:53:06] INFO: Request completed: method=GET path=/ status_code=200 duration_ms=6.04
[2026-04-28 02:53:06] INFO: Request completed: method=GET path=/api/alerts/active status_code=200 duration_ms=3.47
[2026-04-28 02:54:32] INFO: Request completed: method=GET path=/test-alerts status_code=200 duration_ms=1.77
[2026-04-28 02:54:33] INFO: Request completed: method=GET path=/api/test-alerts status_code=200 duration_ms=2.01
[2026-04-28 02:54:34] INFO: Request completed: method=GET path=/api/test-alerts/status status_code=200 duration_ms=928.14
[2026-04-28 02:54:46] INFO: Request completed: method=GET path=/ status_code=200 duration_ms=4.81
[2026-04-28 02:54:47] INFO: Request completed: method=GET path=/api/alerts/active status_code=200 duration_ms=6.43
[2026-04-28 02:55:05] INFO: Request completed: method=GET path=/test-alerts status_code=200 duration_ms=0.84
[2026-04-28 02:55:06] INFO: Request completed: method=GET path=/api/test-alerts status_code=200 duration_ms=3.98
[2026-04-28 02:55:06] INFO: Request completed: method=GET path=/api/test-alerts/status status_code=200 duration_ms=485.29
[2026-04-28 02:55:07] INFO: Request completed: method=GET path=/api/test-alerts status_code=200 duration_ms=5.10
[2026-04-28 02:55:07] INFO: Request completed: method=GET path=/api/test-alerts status_code=200 duration_ms=3.35
[2026-04-28 02:55:07] INFO: Saved test alert file: file=/app/test/alerts_test.json alerts=16 enabled=3 backup=/app/test/alerts_test.json.bak
[2026-04-28 02:55:07] INFO: Test alert refresh triggered: location_id=1 active_alerts=3 active_test_alerts=3 refreshed_at=2026-04-28T02:55:07.772896+00:00
[2026-04-28 02:55:07] INFO: Request completed: method=PUT path=/api/test-alerts status_code=200 duration_ms=270.13
[2026-04-28 02:55:07] INFO: Request completed: method=GET path=/api/test-alerts status_code=200 duration_ms=3.58
[2026-04-28 02:55:07] INFO: Request completed: method=GET path=/api/test-alerts status_code=200 duration_ms=4.89
[2026-04-28 02:55:07] INFO: Saved test alert file: file=/app/test/alerts_test.json alerts=17 enabled=3 backup=/app/test/alerts_test.json.bak
[2026-04-28 02:55:08] INFO: Request completed: method=GET path=/api/test-alerts/status status_code=200 duration_ms=174.71
[2026-04-28 02:55:08] INFO: Test alert refresh triggered: location_id=1 active_alerts=3 active_test_alerts=3 refreshed_at=2026-04-28T02:55:08.079912+00:00
[2026-04-28 02:55:08] INFO: Request completed: method=PUT path=/api/test-alerts status_code=200 duration_ms=136.02
[2026-04-28 02:55:08] INFO: Request completed: method=GET path=/api/test-alerts status_code=200 duration_ms=4.19
[2026-04-28 02:55:08] INFO: Request completed: method=GET path=/api/test-alerts status_code=200 duration_ms=2.42
[2026-04-28 02:55:08] INFO: Saved test alert file: file=/app/test/alerts_test.json alerts=16 enabled=2 backup=/app/test/alerts_test.json.bak
[2026-04-28 02:55:08] INFO: Request completed: method=GET path=/api/test-alerts/status status_code=200 duration_ms=122.49
[2026-04-28 02:55:08] INFO: Test alert refresh triggered: location_id=1 active_alerts=2 active_test_alerts=2 refreshed_at=2026-04-28T02:55:08.285929+00:00
[2026-04-28 02:55:08] INFO: Request completed: method=PUT path=/api/test-alerts status_code=200 duration_ms=126.95
[2026-04-28 02:55:08] INFO: Request completed: method=GET path=/api/test-alerts status_code=200 duration_ms=5.93
[2026-04-28 02:55:08] INFO: Request completed: method=GET path=/api/test-alerts status_code=200 duration_ms=3.94
[2026-04-28 02:55:08] INFO: Request completed: method=GET path=/test-alerts status_code=200 duration_ms=1.53
[2026-04-28 02:55:08] INFO: Request completed: method=GET path=/api/test-alerts/status status_code=200 duration_ms=139.95
[2026-04-28 02:55:08] INFO: Request completed: method=GET path=/api/test-alerts status_code=200 duration_ms=3.54
[2026-04-28 02:55:09] INFO: Request completed: method=GET path=/api/test-alerts/status status_code=200 duration_ms=1056.71
[2026-04-28 02:55:10] INFO: Saved test alert file: file=/app/test/alerts_test.json alerts=16 enabled=3 backup=/app/test/alerts_test.json.bak
[2026-04-28 02:55:11] INFO: Test alert refresh triggered: location_id=1 active_alerts=3 active_test_alerts=3 refreshed_at=2026-04-28T02:55:11.355807+00:00
[2026-04-28 02:55:11] INFO: Request completed: method=PUT path=/api/test-alerts status_code=200 duration_ms=1098.16
[2026-04-28 02:55:11] INFO: Request completed: method=GET path=/api/test-alerts status_code=200 duration_ms=4.23
[2026-04-28 02:55:11] INFO: Request completed: method=GET path=/api/alerts/active status_code=200 duration_ms=4.35
[2026-04-28 02:55:11] INFO: Saved test alert file: file=/app/test/alerts_test.json alerts=15 enabled=3 backup=/app/test/alerts_test.json.bak
[2026-04-28 02:55:11] INFO: Request completed: method=GET path=/api/test-alerts/status status_code=200 duration_ms=588.04
[2026-04-28 02:55:12] INFO: Test alert refresh triggered: location_id=1 active_alerts=3 active_test_alerts=3 refreshed_at=2026-04-28T02:55:12.034701+00:00
[2026-04-28 02:55:12] INFO: Request completed: method=PUT path=/api/test-alerts status_code=200 duration_ms=626.35
[2026-04-28 02:57:27] INFO: Request completed: method=GET path=/test-alerts status_code=200 duration_ms=1.04
[2026-04-28 02:57:28] INFO: Request completed: method=GET path=/api/test-alerts status_code=200 duration_ms=2.98
[2026-04-28 02:57:28] INFO: Request completed: method=GET path=/api/test-alerts/status status_code=200 duration_ms=232.08
[2026-04-28 02:57:29] INFO: Request completed: method=GET path=/api/test-alerts status_code=200 duration_ms=2.98
[2026-04-28 02:57:29] INFO: Saved test alert file: file=/app/test/alerts_test.json alerts=15 enabled=3 backup=/app/test/alerts_test.json.bak
[2026-04-28 02:57:29] INFO: Test alert refresh triggered: location_id=1 active_alerts=3 active_test_alerts=3 refreshed_at=2026-04-28T02:57:29.559244+00:00
[2026-04-28 02:57:29] INFO: Request completed: method=PUT path=/api/test-alerts status_code=200 duration_ms=110.89
[2026-04-28 02:57:29] INFO: Request completed: method=GET path=/api/test-alerts status_code=200 duration_ms=3.98
[2026-04-28 02:57:29] INFO: Request completed: method=GET path=/api/alerts/active status_code=200 duration_ms=3.24
[2026-04-28 02:57:29] INFO: Request completed: method=GET path=/api/test-alerts status_code=200 duration_ms=3.82
[2026-04-28 02:57:29] INFO: Saved test alert file: file=/app/test/alerts_test.json alerts=15 enabled=3 backup=/app/test/alerts_test.json.bak
[2026-04-28 02:57:29] INFO: Request completed: method=GET path=/api/test-alerts/status status_code=200 duration_ms=98.36
[2026-04-28 02:57:29] INFO: Test alert refresh triggered: location_id=1 active_alerts=3 active_test_alerts=3 refreshed_at=2026-04-28T02:57:29.720535+00:00
[2026-04-28 02:57:29] INFO: Request completed: method=PUT path=/api/test-alerts status_code=200 duration_ms=102.62
[2026-04-28 02:58:34] INFO: Request completed: method=GET path=/test-alerts status_code=200 duration_ms=1.04
[2026-04-28 02:58:35] INFO: Request completed: method=GET path=/api/test-alerts status_code=200 duration_ms=5.89
[2026-04-28 02:58:39] INFO: Request completed: method=GET path=/api/test-alerts/status status_code=200 duration_ms=3456.38
[2026-04-28 02:58:40] INFO: Request completed: method=GET path=/api/test-alerts status_code=200 duration_ms=4.60
[2026-04-28 02:58:40] INFO: Saved test alert file: file=/app/test/alerts_test.json alerts=15 enabled=1 backup=/app/test/alerts_test.json.bak
[2026-04-28 02:58:40] INFO: Test alert refresh triggered: location_id=1 active_alerts=1 active_test_alerts=1 refreshed_at=2026-04-28T02:58:40.172178+00:00
[2026-04-28 02:58:40] INFO: Request completed: method=PUT path=/api/test-alerts status_code=200 duration_ms=123.39
[2026-04-28 02:58:40] INFO: Request completed: method=GET path=/test-alerts status_code=200 duration_ms=1.73
[2026-04-28 02:58:40] INFO: Request completed: method=GET path=/api/test-alerts status_code=200 duration_ms=5.09
[2026-04-28 02:58:40] INFO: Request completed: method=GET path=/api/test-alerts/status status_code=200 duration_ms=97.91
[2026-04-28 02:58:40] INFO: Request completed: method=GET path=/api/test-alerts status_code=200 duration_ms=2.03
[2026-04-28 02:58:41] INFO: Saved test alert file: file=/app/test/alerts_test.json alerts=16 enabled=1 backup=/app/test/alerts_test.json.bak
[2026-04-28 02:58:41] INFO: Test alert refresh triggered: location_id=1 active_alerts=1 active_test_alerts=1 refreshed_at=2026-04-28T02:58:41.454341+00:00
[2026-04-28 02:58:41] INFO: Request completed: method=PUT path=/api/test-alerts status_code=200 duration_ms=325.63
[2026-04-28 02:58:41] INFO: Request completed: method=GET path=/api/test-alerts status_code=200 duration_ms=3.24
[2026-04-28 02:58:41] INFO: Request completed: method=GET path=/api/test-alerts status_code=200 duration_ms=3.90
[2026-04-28 02:58:41] INFO: Saved test alert file: file=/app/test/alerts_test.json alerts=17 enabled=1 backup=/app/test/alerts_test.json.bak
[2026-04-28 02:58:41] INFO: Test alert refresh triggered: location_id=1 active_alerts=1 active_test_alerts=1 refreshed_at=2026-04-28T02:58:41.888316+00:00
[2026-04-28 02:58:41] INFO: Request completed: method=PUT path=/api/test-alerts status_code=200 duration_ms=312.15
[2026-04-28 02:58:41] INFO: Request completed: method=GET path=/api/test-alerts status_code=200 duration_ms=3.88
[2026-04-28 02:58:41] INFO: Request completed: method=GET path=/api/test-alerts status_code=200 duration_ms=4.74
[2026-04-28 02:58:41] INFO: Request completed: method=GET path=/api/test-alerts/status status_code=200 duration_ms=445.47
[2026-04-28 02:58:42] INFO: Saved test alert file: file=/app/test/alerts_test.json alerts=16 enabled=1 backup=/app/test/alerts_test.json.bak
[2026-04-28 02:58:42] INFO: Request completed: method=GET path=/api/test-alerts/status status_code=200 duration_ms=98.11
[2026-04-28 02:58:42] INFO: Test alert refresh triggered: location_id=1 active_alerts=1 active_test_alerts=1 refreshed_at=2026-04-28T02:58:42.105333+00:00
[2026-04-28 02:58:42] INFO: Request completed: method=PUT path=/api/test-alerts status_code=200 duration_ms=105.54
[2026-04-28 02:58:42] INFO: Request completed: method=GET path=/api/test-alerts status_code=200 duration_ms=3.15
[2026-04-28 02:58:42] INFO: Request completed: method=GET path=/api/test-alerts status_code=200 duration_ms=4.91
[2026-04-28 02:58:42] INFO: Saved test alert file: file=/app/test/alerts_test.json alerts=15 enabled=1 backup=/app/test/alerts_test.json.bak
[2026-04-28 02:58:42] INFO: Request completed: method=GET path=/api/test-alerts/status status_code=200 duration_ms=125.19
[2026-04-28 02:58:42] INFO: Test alert refresh triggered: location_id=1 active_alerts=1 active_test_alerts=1 refreshed_at=2026-04-28T02:58:42.286225+00:00
[2026-04-28 02:58:42] INFO: Request completed: method=PUT path=/api/test-alerts status_code=200 duration_ms=129.07
[2026-04-28 02:58:42] INFO: Request completed: method=GET path=/test-alerts status_code=200 duration_ms=0.71
[2026-04-28 02:58:42] INFO: Request completed: method=GET path=/api/test-alerts status_code=200 duration_ms=2.14
[2026-04-28 02:58:42] INFO: Request completed: method=GET path=/api/test-alerts/status status_code=200 duration_ms=98.53
[2026-04-28 02:58:43] INFO: Saved test alert file: file=/app/test/alerts_test.json alerts=15 enabled=1 backup=/app/test/alerts_test.json.bak
[2026-04-28 02:58:43] INFO: Test alert refresh triggered: location_id=1 active_alerts=1 active_test_alerts=1 refreshed_at=2026-04-28T02:58:43.229453+00:00
[2026-04-28 02:58:43] INFO: Request completed: method=PUT path=/api/test-alerts status_code=200 duration_ms=98.04
[2026-04-28 02:58:43] INFO: Request completed: method=GET path=/api/test-alerts status_code=200 duration_ms=2.78
[2026-04-28 02:58:43] INFO: Request completed: method=GET path=/api/alerts/active status_code=200 duration_ms=4.20
[2026-04-28 02:58:43] INFO: Saved test alert file: file=/app/test/alerts_test.json alerts=15 enabled=0 backup=/app/test/alerts_test.json.bak
[2026-04-28 02:58:43] INFO: Request completed: method=GET path=/api/test-alerts/status status_code=200 duration_ms=101.41
[2026-04-28 02:58:43] INFO: Test alert refresh triggered: location_id=1 active_alerts=0 active_test_alerts=0 refreshed_at=2026-04-28T02:58:43.406972+00:00
[2026-04-28 02:58:43] INFO: Request completed: method=PUT path=/api/test-alerts status_code=200 duration_ms=113.12
[2026-04-28 02:58:43] INFO: Request completed: method=GET path=/api/test-alerts status_code=200 duration_ms=4.18
[2026-04-28 02:58:43] INFO: Request completed: method=GET path=/api/alerts/active status_code=200 duration_ms=4.04
[2026-04-28 02:58:43] INFO: Saved test alert file: file=/app/test/alerts_test.json alerts=15 enabled=0 backup=/app/test/alerts_test.json.bak
[2026-04-28 02:58:43] INFO: Request completed: method=GET path=/api/test-alerts/status status_code=200 duration_ms=98.50
[2026-04-28 02:58:43] INFO: Test alert refresh triggered: location_id=1 active_alerts=0 active_test_alerts=0 refreshed_at=2026-04-28T02:58:43.594626+00:00
[2026-04-28 02:58:43] INFO: Request completed: method=PUT path=/api/test-alerts status_code=200 duration_ms=98.35
[2026-04-28 02:58:43] INFO: Request completed: method=GET path=/api/test-alerts status_code=200 duration_ms=5.29
[2026-04-28 02:58:43] INFO: Saved test alert file: file=/app/test/alerts_test.json alerts=15 enabled=0 backup=/app/test/alerts_test.json.bak
[2026-04-28 02:58:43] INFO: Request completed: method=GET path=/api/test-alerts/status status_code=200 duration_ms=104.75
[2026-04-28 02:58:43] INFO: Test alert refresh triggered: location_id=1 active_alerts=0 active_test_alerts=0 refreshed_at=2026-04-28T02:58:43.750377+00:00
[2026-04-28 02:58:43] INFO: Request completed: method=PUT path=/api/test-alerts status_code=200 duration_ms=96.81
[2026-04-28 02:58:43] INFO: Request completed: method=GET path=/api/test-alerts status_code=200 duration_ms=5.24
[2026-04-28 02:58:43] INFO: Saved test alert file: file=/app/test/alerts_test.json alerts=15 enabled=0 backup=/app/test/alerts_test.json.bak
[2026-04-28 02:58:43] INFO: Request completed: method=GET path=/api/test-alerts/status status_code=200 duration_ms=126.43
[2026-04-28 02:58:43] INFO: Test alert refresh triggered: location_id=1 active_alerts=0 active_test_alerts=0 refreshed_at=2026-04-28T02:58:43.905307+00:00
[2026-04-28 02:58:43] INFO: Request completed: method=PUT path=/api/test-alerts status_code=200 duration_ms=112.61
[2026-04-28 02:58:43] INFO: Request completed: method=GET path=/api/test-alerts status_code=200 duration_ms=4.79
[2026-04-28 02:58:44] INFO: Request completed: method=GET path=/api/test-alerts/status status_code=200 duration_ms=132.76
[2026-04-28 02:58:44] INFO: Saved test alert file: file=/app/test/alerts_test.json alerts=15 enabled=15 backup=/app/test/alerts_test.json.bak
[2026-04-28 02:58:44] INFO: Request completed: method=GET path=/api/test-alerts/status status_code=200 duration_ms=103.50
[2026-04-28 02:58:44] INFO: Test alert refresh triggered: location_id=1 active_alerts=15 active_test_alerts=15 refreshed_at=2026-04-28T02:58:44.224141+00:00
[2026-04-28 02:58:44] INFO: Request completed: method=PUT path=/api/test-alerts status_code=200 duration_ms=142.11
[2026-04-28 02:58:44] INFO: Request completed: method=GET path=/api/test-alerts status_code=200 duration_ms=6.17
[2026-04-28 02:58:44] INFO: Request completed: method=GET path=/api/test-alerts/status status_code=200 duration_ms=91.35
[2026-04-28 02:58:44] INFO: Saved test alert file: file=/app/test/alerts_test.json alerts=15 enabled=15 backup=/app/test/alerts_test.json.bak
[2026-04-28 02:58:44] INFO: Request completed: method=GET path=/api/test-alerts/status status_code=200 duration_ms=132.89
[2026-04-28 02:58:44] INFO: Test alert refresh triggered: location_id=1 active_alerts=15 active_test_alerts=15 refreshed_at=2026-04-28T02:58:44.489300+00:00
[2026-04-28 02:58:44] INFO: Request completed: method=PUT path=/api/test-alerts status_code=200 duration_ms=126.57
[2026-04-28 02:58:44] INFO: Request completed: method=GET path=/api/test-alerts status_code=200 duration_ms=7.04
[2026-04-28 02:58:44] INFO: Request completed: method=GET path=/api/alerts/active status_code=200 duration_ms=5.68
[2026-04-28 02:58:44] INFO: Saved test alert file: file=/app/test/alerts_test.json alerts=15 enabled=14 backup=/app/test/alerts_test.json.bak
[2026-04-28 02:58:44] INFO: Request completed: method=GET path=/api/test-alerts/status status_code=200 duration_ms=90.60
[2026-04-28 02:58:44] INFO: Test alert refresh triggered: location_id=1 active_alerts=14 active_test_alerts=14 refreshed_at=2026-04-28T02:58:44.679478+00:00
[2026-04-28 02:58:44] INFO: Request completed: method=PUT path=/api/test-alerts status_code=200 duration_ms=100.35
[2026-04-28 02:58:44] INFO: Request completed: method=GET path=/api/test-alerts status_code=200 duration_ms=5.26
[2026-04-28 02:58:44] INFO: Request completed: method=GET path=/api/alerts/active status_code=200 duration_ms=7.84
[2026-04-28 02:58:44] INFO: Request completed: method=GET path=/api/test-alerts status_code=200 duration_ms=2.34
[2026-04-28 02:58:44] INFO: Saved test alert file: file=/app/test/alerts_test.json alerts=15 enabled=1 backup=/app/test/alerts_test.json.bak
[2026-04-28 02:58:44] INFO: Request completed: method=GET path=/api/test-alerts/status status_code=200 duration_ms=111.37
[2026-04-28 02:58:44] INFO: Test alert refresh triggered: location_id=1 active_alerts=1 active_test_alerts=1 refreshed_at=2026-04-28T02:58:44.911975+00:00
[2026-04-28 02:58:44] INFO: Request completed: method=PUT path=/api/test-alerts status_code=200 duration_ms=108.71
[2026-04-28 02:58:56] INFO: Request completed: method=GET path=/api/alerts/active status_code=200 duration_ms=151.26
[2026-04-28 02:59:05] INFO: Request completed: method=GET path=/api/test-alerts status_code=200 duration_ms=3.53
[2026-04-28 02:59:05] INFO: Request completed: method=GET path=/api/alerts/active status_code=200 duration_ms=4.24
[2026-04-28 02:59:05] INFO: Request completed: method=GET path=/api/test-alerts status_code=200 duration_ms=2.41
[2026-04-28 02:59:05] INFO: Saved test alert file: file=/app/test/alerts_test.json alerts=15 enabled=1 backup=/app/test/alerts_test.json.bak
[2026-04-28 02:59:06] INFO: Test alert refresh triggered: location_id=1 active_alerts=1 active_test_alerts=1 refreshed_at=2026-04-28T02:59:06.259762+00:00
[2026-04-28 02:59:06] INFO: Request completed: method=GET path=/api/test-alerts/status status_code=200 duration_ms=477.65
[2026-04-28 02:59:06] INFO: Request completed: method=PUT path=/api/test-alerts status_code=200 duration_ms=444.06
[2026-04-28 02:59:54] INFO: Request completed: method=GET path=/test-alerts status_code=200 duration_ms=1.07
[2026-04-28 02:59:57] INFO: Request completed: method=GET path=/api/test-alerts status_code=200 duration_ms=3.76
[2026-04-28 02:59:58] INFO: Request completed: method=GET path=/api/test-alerts/status status_code=200 duration_ms=444.57
[2026-04-28 02:59:58] INFO: Request completed: method=GET path=/ status_code=200 duration_ms=3.79
[2026-04-28 02:59:58] INFO: Request completed: method=GET path=/api/alerts/active status_code=200 duration_ms=3.59
[2026-04-28 03:00:25] INFO: Request completed: method=GET path=/api/alerts/active status_code=200 duration_ms=2.80
[2026-04-28 03:00:25] INFO: Request completed: method=GET path=/api/test-alerts/status status_code=200 duration_ms=186.27
[2026-04-28 03:04:31] INFO: Request completed: method=GET path=/ status_code=200 duration_ms=9.02
[2026-04-28 03:04:32] INFO: Request completed: method=GET path=/api/alerts/active status_code=200 duration_ms=5.09
[2026-04-28 03:04:37] INFO: Request completed: method=GET path=/test-alerts status_code=200 duration_ms=1.00
[2026-04-28 03:04:38] INFO: Request completed: method=GET path=/api/test-alerts status_code=200 duration_ms=5.81
[2026-04-28 03:04:38] INFO: Request completed: method=GET path=/api/test-alerts/status status_code=200 duration_ms=251.48
[2026-04-28 03:04:47] INFO: Saved test alert file: file=/app/test/alerts_test.json alerts=15 enabled=1 backup=/app/test/alerts_test.json.bak
[2026-04-28 03:04:47] INFO: Test alert refresh triggered: location_id=1 active_alerts=1 active_test_alerts=1 refreshed_at=2026-04-28T03:04:47.902142+00:00
[2026-04-28 03:04:47] INFO: Request completed: method=PUT path=/api/test-alerts status_code=200 duration_ms=119.01
[2026-04-28 03:04:47] INFO: Request completed: method=GET path=/api/test-alerts status_code=200 duration_ms=2.26
[2026-04-28 03:04:48] INFO: Request completed: method=GET path=/api/test-alerts/status status_code=200 duration_ms=118.49
[2026-04-28 03:05:13] INFO: Saved test alert file: file=/app/test/alerts_test.json alerts=15 enabled=2 backup=/app/test/alerts_test.json.bak
[2026-04-28 03:05:13] INFO: Test alert refresh triggered: location_id=1 active_alerts=2 active_test_alerts=2 refreshed_at=2026-04-28T03:05:13.790294+00:00
[2026-04-28 03:05:13] INFO: Request completed: method=PUT path=/api/test-alerts status_code=200 duration_ms=292.56
[2026-04-28 03:05:13] INFO: Request completed: method=GET path=/api/test-alerts status_code=200 duration_ms=8.65
[2026-04-28 03:05:13] INFO: Request completed: method=GET path=/api/test-alerts/status status_code=200 duration_ms=105.26
[2026-04-28 03:05:17] INFO: Request completed: method=GET path=/ status_code=200 duration_ms=4.62
[2026-04-28 03:05:18] INFO: Request completed: method=GET path=/api/alerts/active status_code=200 duration_ms=7.05
[2026-04-28 03:05:30] INFO: Request completed: method=GET path=/test-alerts status_code=200 duration_ms=1.53
[2026-04-28 03:05:31] INFO: Request completed: method=GET path=/api/test-alerts status_code=200 duration_ms=3.77
[2026-04-28 03:05:31] INFO: Request completed: method=GET path=/api/test-alerts/status status_code=200 duration_ms=118.38
[2026-04-28 03:06:13] INFO: Saved test alert file: file=/app/test/alerts_test.json alerts=16 enabled=2 backup=/app/test/alerts_test.json.bak
[2026-04-28 03:06:13] INFO: Test alert refresh triggered: location_id=1 active_alerts=2 active_test_alerts=2 refreshed_at=2026-04-28T03:06:13.242708+00:00
[2026-04-28 03:06:13] INFO: Request completed: method=PUT path=/api/test-alerts status_code=200 duration_ms=161.16
[2026-04-28 03:06:13] INFO: Request completed: method=GET path=/api/test-alerts status_code=200 duration_ms=2.87
[2026-04-28 03:06:13] INFO: Request completed: method=GET path=/api/test-alerts/status status_code=200 duration_ms=121.11
[2026-04-28 03:06:43] INFO: Saved test alert file: file=/app/test/alerts_test.json alerts=16 enabled=2 backup=/app/test/alerts_test.json.bak
[2026-04-28 03:06:43] INFO: Test alert refresh triggered: location_id=1 active_alerts=2 active_test_alerts=2 refreshed_at=2026-04-28T03:06:43.512128+00:00
[2026-04-28 03:06:43] INFO: Request completed: method=PUT path=/api/test-alerts status_code=200 duration_ms=320.38
[2026-04-28 03:06:43] INFO: Request completed: method=GET path=/api/test-alerts status_code=200 duration_ms=2.49
[2026-04-28 03:06:43] INFO: Request completed: method=GET path=/api/test-alerts/status status_code=200 duration_ms=115.33
[2026-04-28 03:08:48] INFO: Test alert refresh triggered: location_id=1 active_alerts=2 active_test_alerts=2 refreshed_at=2026-04-28T03:08:48.385499+00:00
[2026-04-28 03:08:48] INFO: Request completed: method=POST path=/api/test-alerts/refresh status_code=200 duration_ms=276.41
[2026-04-28 03:08:48] INFO: Request completed: method=GET path=/api/test-alerts/status status_code=200 duration_ms=166.62
[2026-04-28 03:09:10] INFO: Test alert refresh triggered: location_id=1 active_alerts=2 active_test_alerts=2 refreshed_at=2026-04-28T03:09:10.418996+00:00
[2026-04-28 03:09:10] INFO: Request completed: method=POST path=/api/test-alerts/refresh status_code=200 duration_ms=156.06
[2026-04-28 03:09:10] INFO: Request completed: method=GET path=/api/test-alerts/status status_code=200 duration_ms=120.62
[2026-04-28 03:09:36] INFO: Request completed: method=GET path=/ status_code=200 duration_ms=5.13
[2026-04-28 03:09:37] INFO: Request completed: method=GET path=/api/alerts/active status_code=200 duration_ms=8.28
[2026-04-28 03:10:17] INFO: Request completed: method=GET path=/test-alerts status_code=200 duration_ms=0.90
[2026-04-28 03:10:18] INFO: Request completed: method=GET path=/api/test-alerts status_code=200 duration_ms=4.49
[2026-04-28 03:10:18] INFO: Request completed: method=GET path=/api/test-alerts/status status_code=200 duration_ms=106.38
[2026-04-28 03:26:22] WARNING: Unable to fetch live NWS alerts; returning local test alerts only. test_alert_count=2
[2026-04-28 03:34:01] INFO: Application shutdown: Molecast
[2026-04-28 03:34:04] INFO: Application startup: Molecast version=0.1.0 environment=local
[2026-04-28 03:34:04] INFO: Database initialized with default location: Portage, MI 49002
[2026-04-28 03:34:04] INFO: Alert ingestion started with refresh interval: 60 seconds
[2026-04-28 03:34:11] INFO: Request completed: method=GET path=/api/alerts/active status_code=200 duration_ms=10.29
[2026-04-28 03:34:11] INFO: Request completed: method=GET path=/api/test-alerts status_code=200 duration_ms=2.33
[2026-04-28 03:34:11] INFO: Request completed: method=GET path=/api/test-alerts/status status_code=200 duration_ms=212.14
[2026-04-28 03:39:41] INFO: Test alert refresh triggered: location_id=1 active_alerts=1 active_test_alerts=1 refreshed_at=2026-04-28T03:39:41.276226+00:00
[2026-04-28 03:39:41] INFO: Request completed: method=POST path=/api/test-alerts/refresh status_code=200 duration_ms=309.02
[2026-04-28 03:45:49] INFO: Request completed: method=GET path=/test-alerts status_code=200 duration_ms=7.26
[2026-04-28 03:45:50] INFO: Request completed: method=GET path=/api/test-alerts status_code=200 duration_ms=3.89
[2026-04-28 03:45:51] INFO: Request completed: method=GET path=/api/test-alerts/status status_code=200 duration_ms=827.54
[2026-04-28 03:45:54] INFO: Request completed: method=GET path=/ status_code=200 duration_ms=16.84
[2026-04-28 03:45:54] INFO: Request completed: method=GET path=/api/alerts/active status_code=200 duration_ms=4.56
[2026-04-28 03:46:36] INFO: Application shutdown: Molecast
[2026-04-28 03:46:39] INFO: Application startup: Molecast version=0.1.0 environment=local
[2026-04-28 03:46:39] INFO: Database initialized with default location: Portage, MI 49002
[2026-04-28 03:46:39] INFO: Alert ingestion started with refresh interval: 60 seconds
[2026-04-28 03:46:55] INFO: Request completed: method=GET path=/api/test-alerts status_code=200 duration_ms=4.83
[2026-04-28 03:46:55] INFO: Request completed: method=GET path=/api/test-alerts/status status_code=200 duration_ms=286.63
[2026-04-28 03:46:55] INFO: Request completed: method=GET path=/api/alerts/active status_code=200 duration_ms=294.59
[2026-04-28 03:47:21] INFO: Request completed: method=GET path=/api/test-alerts status_code=200 duration_ms=2.38
[2026-04-28 03:47:21] INFO: Request completed: method=PUT path=/api/test-alerts status_code=422 duration_ms=1.37
[2026-04-28 03:47:21] INFO: Request completed: method=PUT path=/api/test-alerts status_code=422 duration_ms=1.15
[2026-04-28 03:47:21] INFO: Saved test alert file: file=/app/test/alerts_test.json alerts=15 enabled=1 backup=/app/test/alerts_test.json.bak
[2026-04-28 03:47:21] INFO: Test alert refresh triggered: location_id=1 active_alerts=1 active_test_alerts=1 refreshed_at=2026-04-28T03:47:21.979610+00:00
[2026-04-28 03:47:21] INFO: Request completed: method=PUT path=/api/test-alerts status_code=200 duration_ms=221.27
[2026-04-28 03:47:21] INFO: Request completed: method=GET path=/api/alerts/active status_code=200 duration_ms=2.50
[2026-04-28 03:47:21] INFO: Saved test alert file: file=/app/test/alerts_test.json alerts=15 enabled=1 backup=/app/test/alerts_test.json.bak
[2026-04-28 03:47:22] INFO: Test alert refresh triggered: location_id=1 active_alerts=1 active_test_alerts=1 refreshed_at=2026-04-28T03:47:22.232436+00:00
[2026-04-28 03:47:22] INFO: Request completed: method=PUT path=/api/test-alerts status_code=200 duration_ms=247.74
[2026-04-28 03:47:55] INFO: Request completed: method=GET path=/test-alerts status_code=200 duration_ms=7.77
[2026-04-28 03:47:57] INFO: Request completed: method=GET path=/api/test-alerts status_code=200 duration_ms=2.61
[2026-04-28 03:47:57] INFO: Request completed: method=GET path=/api/test-alerts/status status_code=200 duration_ms=323.71
[2026-04-28 03:48:01] INFO: Request completed: method=GET path=/ status_code=200 duration_ms=6.81
[2026-04-28 03:48:01] INFO: Request completed: method=GET path=/api/alerts/active status_code=200 duration_ms=3.66
[2026-04-28 03:48:56] INFO: Application shutdown: Molecast
[2026-04-28 03:48:59] INFO: Application startup: Molecast version=0.1.0 environment=local
[2026-04-28 03:48:59] INFO: Database initialized with default location: Portage, MI 49002
[2026-04-28 03:48:59] INFO: Alert ingestion started with refresh interval: 60 seconds
[2026-04-28 03:50:03] INFO: Request completed: method=GET path=/test-alerts status_code=200 duration_ms=8.50
[2026-04-28 03:50:05] INFO: Request completed: method=GET path=/api/test-alerts status_code=200 duration_ms=3.07
[2026-04-28 03:50:05] INFO: Request completed: method=GET path=/api/test-alerts/status status_code=200 duration_ms=372.18
[2026-04-28 03:50:09] INFO: Request completed: method=GET path=/ status_code=200 duration_ms=15.72
[2026-04-28 03:50:09] INFO: Request completed: method=GET path=/api/alerts/active status_code=200 duration_ms=3.37
[2026-04-28 03:56:54] INFO: Application shutdown: Molecast
[2026-04-28 03:56:56] INFO: Application startup: Molecast version=0.1.0 environment=local
[2026-04-28 03:56:56] INFO: Database initialized with default location: Portage, MI 49002
[2026-04-28 03:56:56] INFO: Alert ingestion started with refresh interval: 60 seconds
[2026-04-28 03:57:06] WARNING: Unable to fetch live NWS alerts; returning local test alerts only. test_alert_count=1
[2026-04-28 03:57:24] INFO: Request completed: method=GET path=/test-alerts status_code=200 duration_ms=6.92
[2026-04-28 03:57:25] INFO: Request completed: method=GET path=/api/test-alerts status_code=200 duration_ms=3.29
[2026-04-28 03:57:26] INFO: Request completed: method=GET path=/api/test-alerts/status status_code=200 duration_ms=314.46
[2026-04-28 03:57:30] INFO: Request completed: method=GET path=/ status_code=200 duration_ms=4.69
[2026-04-28 03:57:30] INFO: Request completed: method=GET path=/api/alerts/active status_code=200 duration_ms=4.13
[2026-04-28 03:58:26] INFO: Request completed: method=GET path=/test-alerts status_code=200 duration_ms=4.07
[2026-04-28 03:58:26] INFO: Request completed: method=GET path=/api/test-alerts status_code=200 duration_ms=5.29
[2026-04-28 03:58:26] INFO: Request completed: method=GET path=/api/test-alerts/status status_code=200 duration_ms=223.31
[2026-04-28 03:58:37] INFO: Request completed: method=GET path=/test-alerts status_code=200 duration_ms=1.13
[2026-04-28 03:58:38] INFO: Request completed: method=GET path=/api/test-alerts status_code=200 duration_ms=2.12
[2026-04-28 03:58:39] INFO: Request completed: method=GET path=/api/test-alerts/status status_code=200 duration_ms=599.48
[2026-04-28 03:58:42] INFO: Request completed: method=GET path=/ status_code=200 duration_ms=11.13
[2026-04-28 03:58:42] INFO: Request completed: method=GET path=/api/alerts/active status_code=200 duration_ms=4.02
[2026-04-28 03:59:09] INFO: Request completed: method=GET path=/api/alerts/active status_code=200 duration_ms=5.23
[2026-04-28 03:59:10] INFO: Request completed: method=GET path=/api/test-alerts/status status_code=200 duration_ms=124.73
[2026-04-28 04:00:12] INFO: Request completed: method=GET path=/test-alerts status_code=200 duration_ms=2.32
[2026-04-28 04:00:13] INFO: Request completed: method=GET path=/api/test-alerts status_code=200 duration_ms=5.40
[2026-04-28 04:00:14] INFO: Request completed: method=GET path=/api/test-alerts/status status_code=200 duration_ms=319.11
[2026-04-28 04:00:30] INFO: Request completed: method=GET path=/test-alerts status_code=200 duration_ms=1.20
[2026-04-28 04:00:30] INFO: Request completed: method=GET path=/api/test-alerts status_code=200 duration_ms=4.55
[2026-04-28 04:00:31] INFO: Request completed: method=GET path=/api/test-alerts/status status_code=200 duration_ms=244.75
[2026-04-28 04:01:42] INFO: Saved test alert file: file=/app/test/alerts_test.json alerts=15 enabled=1 backup=/app/test/alerts_test.json.bak
[2026-04-28 04:01:43] INFO: Test alert refresh triggered: location_id=1 active_alerts=1 active_test_alerts=1 refreshed_at=2026-04-28T04:01:43.179171+00:00
[2026-04-28 04:01:43] INFO: Request completed: method=PUT path=/api/test-alerts status_code=200 duration_ms=362.81
[2026-04-28 04:01:43] INFO: Request completed: method=GET path=/api/test-alerts status_code=200 duration_ms=6.57
[2026-04-28 04:01:43] INFO: Request completed: method=GET path=/api/test-alerts/status status_code=200 duration_ms=130.23
[2026-04-28 04:01:45] INFO: Saved test alert file: file=/app/test/alerts_test.json alerts=15 enabled=1 backup=/app/test/alerts_test.json.bak
[2026-04-28 04:01:45] INFO: Test alert refresh triggered: location_id=1 active_alerts=1 active_test_alerts=1 refreshed_at=2026-04-28T04:01:45.989848+00:00
[2026-04-28 04:01:45] INFO: Request completed: method=PUT path=/api/test-alerts status_code=200 duration_ms=143.72
[2026-04-28 04:01:46] INFO: Request completed: method=GET path=/api/test-alerts status_code=200 duration_ms=4.98
[2026-04-28 04:01:46] INFO: Saved test alert file: file=/app/test/alerts_test.json alerts=15 enabled=1 backup=/app/test/alerts_test.json.bak
[2026-04-28 04:01:46] INFO: Test alert refresh triggered: location_id=1 active_alerts=1 active_test_alerts=1 refreshed_at=2026-04-28T04:01:46.390738+00:00
[2026-04-28 04:01:46] INFO: Request completed: method=PUT path=/api/test-alerts status_code=200 duration_ms=281.65
[2026-04-28 04:01:46] INFO: Request completed: method=GET path=/api/test-alerts/status status_code=200 duration_ms=341.25
[2026-04-28 04:01:46] INFO: Saved test alert file: file=/app/test/alerts_test.json alerts=15 enabled=1 backup=/app/test/alerts_test.json.bak
[2026-04-28 04:01:46] INFO: Request completed: method=GET path=/api/test-alerts status_code=200 duration_ms=2.16
[2026-04-28 04:01:46] INFO: Test alert refresh triggered: location_id=1 active_alerts=1 active_test_alerts=1 refreshed_at=2026-04-28T04:01:46.500704+00:00
[2026-04-28 04:01:46] INFO: Request completed: method=PUT path=/api/test-alerts status_code=200 duration_ms=91.11
[2026-04-28 04:01:46] INFO: Request completed: method=GET path=/api/test-alerts status_code=200 duration_ms=2.00
[2026-04-28 04:01:46] INFO: Request completed: method=GET path=/api/test-alerts/status status_code=200 duration_ms=134.87
[2026-04-28 04:01:46] INFO: Saved test alert file: file=/app/test/alerts_test.json alerts=15 enabled=1 backup=/app/test/alerts_test.json.bak
[2026-04-28 04:01:46] INFO: Request completed: method=GET path=/api/test-alerts/status status_code=200 duration_ms=166.02
[2026-04-28 04:01:46] INFO: Saved test alert file: file=/app/test/alerts_test.json alerts=15 enabled=1 backup=/app/test/alerts_test.json.bak
[2026-04-28 04:01:46] INFO: Test alert refresh triggered: location_id=1 active_alerts=1 active_test_alerts=1 refreshed_at=2026-04-28T04:01:46.988823+00:00
[2026-04-28 04:01:46] INFO: Request completed: method=PUT path=/api/test-alerts status_code=200 duration_ms=332.67
[2026-04-28 04:01:47] INFO: Request completed: method=GET path=/api/test-alerts status_code=200 duration_ms=3.32
[2026-04-28 04:01:47] INFO: Test alert refresh triggered: location_id=1 active_alerts=1 active_test_alerts=1 refreshed_at=2026-04-28T04:01:47.054002+00:00
[2026-04-28 04:01:47] INFO: Request completed: method=PUT path=/api/test-alerts status_code=200 duration_ms=120.08
[2026-04-28 04:01:47] INFO: Request completed: method=GET path=/api/test-alerts status_code=200 duration_ms=4.24
[2026-04-28 04:01:47] INFO: Request completed: method=GET path=/api/test-alerts/status status_code=200 duration_ms=111.72
[2026-04-28 04:01:47] INFO: Saved test alert file: file=/app/test/alerts_test.json alerts=15 enabled=1 backup=/app/test/alerts_test.json.bak
[2026-04-28 04:01:47] INFO: Request completed: method=GET path=/api/test-alerts/status status_code=200 duration_ms=123.05
[2026-04-28 04:01:47] INFO: Test alert refresh triggered: location_id=1 active_alerts=1 active_test_alerts=1 refreshed_at=2026-04-28T04:01:47.335783+00:00
[2026-04-28 04:01:47] INFO: Request completed: method=PUT path=/api/test-alerts status_code=200 duration_ms=125.84
[2026-04-28 04:01:47] INFO: Request completed: method=GET path=/api/test-alerts status_code=200 duration_ms=2.22
[2026-04-28 04:01:47] INFO: Request completed: method=GET path=/api/test-alerts/status status_code=200 duration_ms=186.16
[2026-04-28 04:01:52] INFO: Saved test alert file: file=/app/test/alerts_test.json alerts=15 enabled=1 backup=/app/test/alerts_test.json.bak
[2026-04-28 04:01:52] INFO: Test alert refresh triggered: location_id=1 active_alerts=1 active_test_alerts=1 refreshed_at=2026-04-28T04:01:52.347716+00:00
[2026-04-28 04:01:52] INFO: Request completed: method=PUT path=/api/test-alerts status_code=200 duration_ms=117.85
[2026-04-28 04:01:52] INFO: Request completed: method=GET path=/api/test-alerts status_code=200 duration_ms=3.22
[2026-04-28 04:01:52] INFO: Request completed: method=GET path=/api/test-alerts/status status_code=200 duration_ms=183.10
[2026-04-28 04:02:03] INFO: Saved test alert file: file=/app/test/alerts_test.json alerts=15 enabled=1 backup=/app/test/alerts_test.json.bak
[2026-04-28 04:02:03] INFO: Test alert refresh triggered: location_id=1 active_alerts=1 active_test_alerts=1 refreshed_at=2026-04-28T04:02:03.263536+00:00
[2026-04-28 04:02:03] INFO: Request completed: method=PUT path=/api/test-alerts status_code=200 duration_ms=170.43
[2026-04-28 04:02:03] INFO: Request completed: method=GET path=/api/test-alerts status_code=200 duration_ms=5.31
[2026-04-28 04:02:03] INFO: Request completed: method=GET path=/api/test-alerts/status status_code=200 duration_ms=136.27
[2026-04-28 04:02:27] INFO: Saved test alert file: file=/app/test/alerts_test.json alerts=15 enabled=1 backup=/app/test/alerts_test.json.bak
[2026-04-28 04:02:27] INFO: Test alert refresh triggered: location_id=1 active_alerts=1 active_test_alerts=1 refreshed_at=2026-04-28T04:02:27.543105+00:00
[2026-04-28 04:02:27] INFO: Request completed: method=PUT path=/api/test-alerts status_code=200 duration_ms=326.57
[2026-04-28 04:02:27] INFO: Request completed: method=GET path=/api/test-alerts status_code=200 duration_ms=4.22
[2026-04-28 04:02:27] INFO: Request completed: method=GET path=/api/test-alerts/status status_code=200 duration_ms=156.03
[2026-04-28 04:02:28] INFO: Saved test alert file: file=/app/test/alerts_test.json alerts=15 enabled=1 backup=/app/test/alerts_test.json.bak
[2026-04-28 04:02:28] INFO: Test alert refresh triggered: location_id=1 active_alerts=1 active_test_alerts=1 refreshed_at=2026-04-28T04:02:28.402786+00:00
[2026-04-28 04:02:28] INFO: Request completed: method=PUT path=/api/test-alerts status_code=200 duration_ms=142.25
[2026-04-28 04:02:28] INFO: Request completed: method=GET path=/api/test-alerts status_code=200 duration_ms=6.77
[2026-04-28 04:02:28] INFO: Request completed: method=GET path=/api/test-alerts/status status_code=200 duration_ms=113.58
[2026-04-28 04:02:35] INFO: Request completed: method=GET path=/ status_code=200 duration_ms=4.07
[2026-04-28 04:02:36] INFO: Request completed: method=GET path=/api/alerts/active status_code=200 duration_ms=7.46
[2026-04-28 04:04:48] INFO: Request completed: method=GET path=/test-alerts status_code=200 duration_ms=1.16
[2026-04-28 04:04:49] INFO: Request completed: method=GET path=/api/test-alerts status_code=200 duration_ms=3.85
[2026-04-28 04:04:49] INFO: Request completed: method=GET path=/api/test-alerts/status status_code=200 duration_ms=272.75
[2026-04-28 04:07:32] INFO: Application shutdown: Molecast
[2026-04-28 04:07:35] INFO: Application startup: Molecast version=0.1.0 environment=local
[2026-04-28 04:07:35] INFO: Database initialized with default location: Portage, MI 49002
[2026-04-28 04:07:35] INFO: Alert ingestion started with refresh interval: 60 seconds
[2026-04-28 04:07:43] INFO: Request completed: method=GET path=/ status_code=200 duration_ms=15.85
[2026-04-28 04:07:44] INFO: Request completed: method=GET path=/api/alerts/active status_code=200 duration_ms=5.12
[2026-04-28 04:07:52] INFO: Request completed: method=GET path=/test-alerts status_code=200 duration_ms=7.80
[2026-04-28 04:07:53] INFO: Request completed: method=GET path=/api/test-alerts status_code=200 duration_ms=4.26
[2026-04-28 04:07:53] INFO: Request completed: method=GET path=/api/test-alerts/status status_code=200 duration_ms=212.87
[2026-04-28 04:13:18] INFO: Request completed: method=GET path=/api/test-alerts/status status_code=200 duration_ms=295.84
[2026-04-28 04:14:37] INFO: Application shutdown: Molecast
[2026-04-28 13:15:07] INFO: Application startup: Molecast version=0.1.0 environment=local
[2026-04-28 13:15:07] INFO: Database initialized with default location: Portage, MI 49002
[2026-04-28 13:15:07] INFO: Alert ingestion started with refresh interval: 60 seconds
[2026-04-28 13:16:17] WARNING: Unable to fetch live NWS alerts; returning local test alerts only. test_alert_count=0
[2026-04-28 13:27:34] INFO: Request completed: method=GET path=/api/test-alerts/status status_code=200 duration_ms=86.15
[2026-04-28 13:35:24] INFO: Request completed: method=GET path=/ status_code=200 duration_ms=18.25
[2026-04-28 13:35:25] INFO: Request completed: method=GET path=/api/alerts/active status_code=200 duration_ms=5.63
[2026-04-28 13:35:30] INFO: Request completed: method=GET path=/test-alerts status_code=200 duration_ms=12.04
[2026-04-28 13:35:31] INFO: Request completed: method=GET path=/api/test-alerts status_code=200 duration_ms=2.06
[2026-04-28 13:35:31] INFO: Request completed: method=GET path=/api/test-alerts/status status_code=200 duration_ms=90.68
[2026-04-28 13:35:38] INFO: Saved test alert file: file=/app/test/alerts_test.json alerts=15 enabled=0 backup=/app/test/alerts_test.json.bak
[2026-04-28 13:35:38] INFO: Test alert refresh triggered: location_id=1 active_alerts=0 active_test_alerts=0 refreshed_at=2026-04-28T13:35:38.603825+00:00
[2026-04-28 13:35:38] INFO: Request completed: method=PUT path=/api/test-alerts status_code=200 duration_ms=98.45
[2026-04-28 13:35:38] INFO: Request completed: method=GET path=/api/test-alerts status_code=200 duration_ms=1.97
[2026-04-28 13:35:38] INFO: Request completed: method=GET path=/api/test-alerts/status status_code=200 duration_ms=88.01
[2026-04-28 13:36:07] INFO: Saved test alert file: file=/app/test/alerts_test.json alerts=15 enabled=1 backup=/app/test/alerts_test.json.bak
[2026-04-28 13:36:07] INFO: Test alert refresh triggered: location_id=1 active_alerts=1 active_test_alerts=1 refreshed_at=2026-04-28T13:36:07.367724+00:00
[2026-04-28 13:36:07] INFO: Request completed: method=PUT path=/api/test-alerts status_code=200 duration_ms=354.79
[2026-04-28 13:36:07] INFO: Request completed: method=GET path=/api/test-alerts status_code=200 duration_ms=6.25
[2026-04-28 13:36:07] INFO: Request completed: method=GET path=/api/test-alerts/status status_code=200 duration_ms=101.60
[2026-04-28 13:36:15] INFO: Saved test alert file: file=/app/test/alerts_test.json alerts=15 enabled=1 backup=/app/test/alerts_test.json.bak
[2026-04-28 13:36:15] INFO: Test alert refresh triggered: location_id=1 active_alerts=1 active_test_alerts=1 refreshed_at=2026-04-28T13:36:15.689674+00:00
[2026-04-28 13:36:15] INFO: Request completed: method=PUT path=/api/test-alerts status_code=200 duration_ms=83.05
[2026-04-28 13:36:15] INFO: Request completed: method=GET path=/api/test-alerts status_code=200 duration_ms=2.00
[2026-04-28 13:36:15] INFO: Request completed: method=GET path=/api/test-alerts/status status_code=200 duration_ms=90.32
[2026-04-28 13:36:20] INFO: Saved test alert file: file=/app/test/alerts_test.json alerts=15 enabled=1 backup=/app/test/alerts_test.json.bak
[2026-04-28 13:36:21] INFO: Test alert refresh triggered: location_id=1 active_alerts=1 active_test_alerts=1 refreshed_at=2026-04-28T13:36:21.028313+00:00
[2026-04-28 13:36:21] INFO: Request completed: method=PUT path=/api/test-alerts status_code=200 duration_ms=94.89
[2026-04-28 13:36:21] INFO: Request completed: method=GET path=/api/test-alerts status_code=200 duration_ms=4.96
[2026-04-28 13:36:21] INFO: Request completed: method=GET path=/api/test-alerts/status status_code=200 duration_ms=84.84
[2026-04-28 13:36:24] INFO: Request completed: method=GET path=/ status_code=200 duration_ms=3.92
[2026-04-28 13:36:25] INFO: Request completed: method=GET path=/api/alerts/active status_code=200 duration_ms=5.61
[2026-04-28 13:41:14] INFO: Request completed: method=GET path=/api/alerts/active status_code=200 duration_ms=4.96
[2026-04-28 13:41:24] INFO: Application shutdown: Molecast
[2026-04-28 13:41:26] INFO: Application startup: Molecast version=0.1.0 environment=local
[2026-04-28 13:41:26] INFO: Database initialized with default location: Portage, MI 49002
[2026-04-28 13:41:26] INFO: Alert ingestion started with refresh interval: 60 seconds
[2026-04-28 13:41:34] INFO: Request completed: method=GET path=/api/alerts/active status_code=200 duration_ms=4.84
[2026-04-28 13:41:46] INFO: Request completed: method=GET path=/test-alerts status_code=200 duration_ms=19.27
[2026-04-28 13:41:47] INFO: Request completed: method=GET path=/api/test-alerts status_code=200 duration_ms=3.74
[2026-04-28 13:41:47] INFO: Request completed: method=GET path=/api/test-alerts/status status_code=200 duration_ms=123.30
[2026-04-28 13:43:26] INFO: Request completed: method=GET path=/test-alerts status_code=200 duration_ms=1.34
[2026-04-28 13:43:26] INFO: Request completed: method=GET path=/api/test-alerts status_code=200 duration_ms=3.24
[2026-04-28 13:43:27] INFO: Request completed: method=GET path=/api/test-alerts/status status_code=200 duration_ms=253.84
[2026-04-28 13:43:28] INFO: Request completed: method=GET path=/api/test-alerts status_code=200 duration_ms=10.05
[2026-04-28 13:43:29] INFO: Saved test alert file: file=/app/test/alerts_test.json alerts=15 enabled=1 backup=/app/test/alerts_test.json.bak
[2026-04-28 13:43:29] INFO: Test alert refresh triggered: location_id=1 active_alerts=1 active_test_alerts=1 refreshed_at=2026-04-28T13:43:29.693131+00:00
[2026-04-28 13:43:29] INFO: Request completed: method=PUT path=/api/test-alerts status_code=200 duration_ms=122.26
[2026-04-28 13:43:29] INFO: Request completed: method=GET path=/api/test-alerts status_code=200 duration_ms=3.74
[2026-04-28 13:43:29] INFO: Request completed: method=GET path=/api/test-alerts/status status_code=200 duration_ms=140.53
[2026-04-28 13:43:30] INFO: Request completed: method=GET path=/api/test-alerts status_code=200 duration_ms=9.37
[2026-04-28 13:43:31] INFO: Saved test alert file: file=/app/test/alerts_test.json alerts=15 enabled=1 backup=/app/test/alerts_test.json.bak
[2026-04-28 13:43:31] INFO: Test alert refresh triggered: location_id=1 active_alerts=1 active_test_alerts=1 refreshed_at=2026-04-28T13:43:31.462901+00:00
[2026-04-28 13:43:31] INFO: Request completed: method=PUT path=/api/test-alerts status_code=200 duration_ms=132.62
[2026-04-28 13:44:57] INFO: Request completed: method=GET path=/api/alerts/active status_code=200 duration_ms=4.77
[2026-04-28 13:44:57] INFO: Request completed: method=GET path=/api/test-alerts/status status_code=200 duration_ms=262.22
[2026-04-28 13:48:22] INFO: Request completed: method=GET path=/test-alerts status_code=200 duration_ms=0.89
[2026-04-28 13:48:23] INFO: Request completed: method=GET path=/api/test-alerts status_code=200 duration_ms=5.19
[2026-04-28 13:48:24] INFO: Request completed: method=GET path=/api/test-alerts/status status_code=200 duration_ms=289.37
[2026-04-28 13:48:35] INFO: Request completed: method=GET path=/ status_code=200 duration_ms=7.15
[2026-04-28 13:48:35] INFO: Request completed: method=GET path=/api/alerts/active status_code=200 duration_ms=6.17
[2026-04-28 13:51:01] INFO: Request completed: method=GET path=/api/alerts/active status_code=200 duration_ms=296.40
[2026-04-28 13:51:01] INFO: Request completed: method=GET path=/api/test-alerts/status status_code=200 duration_ms=320.58
[2026-04-28 13:51:37] INFO: Request completed: method=GET path=/test-alerts status_code=200 duration_ms=1.16
[2026-04-28 13:51:37] INFO: Request completed: method=GET path=/api/test-alerts status_code=200 duration_ms=3.30
[2026-04-28 13:51:37] INFO: Request completed: method=GET path=/api/test-alerts/status status_code=200 duration_ms=97.95
[2026-04-28 13:51:39] INFO: Saved test alert file: file=/app/test/alerts_test.json alerts=15 enabled=1 backup=/app/test/alerts_test.json.bak
[2026-04-28 13:51:39] INFO: Test alert refresh triggered: location_id=1 active_alerts=1 active_test_alerts=1 refreshed_at=2026-04-28T13:51:39.441845+00:00
[2026-04-28 13:51:39] INFO: Request completed: method=PUT path=/api/test-alerts status_code=200 duration_ms=83.71
[2026-04-28 13:51:39] INFO: Request completed: method=GET path=/api/test-alerts status_code=200 duration_ms=3.24
[2026-04-28 13:51:39] INFO: Request completed: method=GET path=/api/test-alerts/status status_code=200 duration_ms=75.40
[2026-04-28 13:51:39] INFO: Request completed: method=GET path=/api/alerts/active status_code=200 duration_ms=4.80
[2026-04-28 13:51:45] INFO: Request completed: method=GET path=/api/alerts/active status_code=200 duration_ms=6.23
[2026-04-28 13:51:45] INFO: Request completed: method=GET path=/api/test-alerts/status status_code=200 duration_ms=78.66
[2026-04-28 13:52:16] INFO: Request completed: method=GET path=/test-alerts status_code=200 duration_ms=1.09
[2026-04-28 13:52:16] INFO: Request completed: method=GET path=/api/test-alerts status_code=200 duration_ms=3.04
[2026-04-28 13:52:16] INFO: Request completed: method=GET path=/api/test-alerts/status status_code=200 duration_ms=222.45
[2026-04-28 13:52:17] INFO: Saved test alert file: file=/app/test/alerts_test.json alerts=15 enabled=0 backup=/app/test/alerts_test.json.bak
[2026-04-28 13:52:17] INFO: Test alert refresh triggered: location_id=1 active_alerts=0 active_test_alerts=0 refreshed_at=2026-04-28T13:52:17.981940+00:00
[2026-04-28 13:52:17] INFO: Request completed: method=PUT path=/api/test-alerts status_code=200 duration_ms=78.35
[2026-04-28 13:52:18] INFO: Request completed: method=GET path=/api/test-alerts status_code=200 duration_ms=2.61
[2026-04-28 13:52:18] INFO: Request completed: method=GET path=/api/test-alerts/status status_code=200 duration_ms=102.89
[2026-04-28 13:52:18] INFO: Request completed: method=GET path=/api/alerts/active status_code=200 duration_ms=3.78
[2026-04-28 13:52:18] INFO: Saved test alert file: file=/app/test/alerts_test.json alerts=15 enabled=1 backup=/app/test/alerts_test.json.bak
[2026-04-28 13:52:19] INFO: Test alert refresh triggered: location_id=1 active_alerts=1 active_test_alerts=1 refreshed_at=2026-04-28T13:52:19.051508+00:00
[2026-04-28 13:52:19] INFO: Request completed: method=PUT path=/api/test-alerts status_code=200 duration_ms=89.46
[2026-04-28 13:52:19] INFO: Request completed: method=GET path=/api/test-alerts status_code=200 duration_ms=3.54
[2026-04-28 13:52:19] INFO: Request completed: method=GET path=/api/test-alerts/status status_code=200 duration_ms=88.82
[2026-04-28 13:52:19] INFO: Request completed: method=GET path=/api/alerts/active status_code=200 duration_ms=4.93
[2026-04-28 13:52:28] INFO: Request completed: method=GET path=/api/alerts/active status_code=200 duration_ms=5.74
[2026-04-28 13:52:28] INFO: Request completed: method=GET path=/api/test-alerts/status status_code=200 duration_ms=78.21
[2026-04-28 13:57:57] INFO: Request completed: method=GET path=/ status_code=200 duration_ms=4.51
[2026-04-28 13:57:57] INFO: Request completed: method=GET path=/api/alerts/active status_code=200 duration_ms=5.90
[2026-04-28 13:58:00] INFO: Request completed: method=GET path=/test-alerts status_code=200 duration_ms=2.58
[2026-04-28 13:58:00] INFO: Request completed: method=GET path=/api/test-alerts status_code=200 duration_ms=3.94
[2026-04-28 13:58:00] INFO: Request completed: method=GET path=/api/test-alerts/status status_code=200 duration_ms=131.22
[2026-04-28 13:58:11] INFO: Request completed: method=GET path=/test-alerts status_code=200 duration_ms=2.45
[2026-04-28 13:58:11] INFO: Request completed: method=GET path=/api/test-alerts status_code=200 duration_ms=4.56
[2026-04-28 13:58:11] INFO: Request completed: method=GET path=/api/test-alerts/status status_code=200 duration_ms=140.65
[2026-04-28 13:58:27] INFO: Saved test alert file: file=/app/test/alerts_test.json alerts=15 enabled=2 backup=/app/test/alerts_test.json.bak
[2026-04-28 13:58:27] INFO: Test alert refresh triggered: location_id=1 active_alerts=2 active_test_alerts=2 refreshed_at=2026-04-28T13:58:27.421511+00:00
[2026-04-28 13:58:27] INFO: Request completed: method=PUT path=/api/test-alerts status_code=200 duration_ms=130.76
[2026-04-28 13:58:27] INFO: Request completed: method=GET path=/api/test-alerts status_code=200 duration_ms=2.77
[2026-04-28 13:58:27] INFO: Request completed: method=GET path=/api/test-alerts/status status_code=200 duration_ms=82.79
[2026-04-28 13:58:39] INFO: Request completed: method=GET path=/ status_code=200 duration_ms=3.66
[2026-04-28 13:58:40] INFO: Request completed: method=GET path=/api/alerts/active status_code=200 duration_ms=6.98
[2026-04-28 13:58:51] INFO: Request completed: method=GET path=/test-alerts status_code=200 duration_ms=0.79
[2026-04-28 13:58:51] INFO: Request completed: method=GET path=/api/test-alerts status_code=200 duration_ms=3.53
[2026-04-28 13:58:51] INFO: Request completed: method=GET path=/api/test-alerts/status status_code=200 duration_ms=101.15
[2026-04-28 13:59:28] INFO: Saved test alert file: file=/app/test/alerts_test.json alerts=15 enabled=2 backup=/app/test/alerts_test.json.bak
[2026-04-28 13:59:28] INFO: Test alert refresh triggered: location_id=1 active_alerts=2 active_test_alerts=2 refreshed_at=2026-04-28T13:59:28.865461+00:00
[2026-04-28 13:59:28] INFO: Request completed: method=PUT path=/api/test-alerts status_code=200 duration_ms=221.27
[2026-04-28 13:59:28] INFO: Request completed: method=GET path=/api/test-alerts status_code=200 duration_ms=3.67
[2026-04-28 13:59:29] INFO: Request completed: method=GET path=/api/test-alerts/status status_code=200 duration_ms=84.70
[2026-04-28 13:59:32] INFO: Saved test alert file: file=/app/test/alerts_test.json alerts=15 enabled=2 backup=/app/test/alerts_test.json.bak
[2026-04-28 13:59:32] INFO: Test alert refresh triggered: location_id=1 active_alerts=2 active_test_alerts=2 refreshed_at=2026-04-28T13:59:32.988026+00:00
[2026-04-28 13:59:32] INFO: Request completed: method=PUT path=/api/test-alerts status_code=200 duration_ms=102.67
[2026-04-28 13:59:33] INFO: Request completed: method=GET path=/api/test-alerts status_code=200 duration_ms=3.20
[2026-04-28 13:59:33] INFO: Request completed: method=GET path=/api/test-alerts/status status_code=200 duration_ms=87.94
[2026-04-28 14:02:48] WARNING: Unable to fetch live NWS alerts; returning local test alerts only. test_alert_count=2
[2026-04-28 14:06:59] WARNING: Unable to fetch live NWS alerts; returning local test alerts only. test_alert_count=2
[2026-04-28 14:09:01] INFO: Request completed: method=GET path=/api/alerts/active status_code=200 duration_ms=5.21
[2026-04-28 14:09:01] INFO: Request completed: method=GET path=/api/test-alerts/status status_code=200 duration_ms=100.13
[2026-04-28 14:20:00] INFO: Application shutdown: Molecast
[2026-04-28 14:20:03] INFO: Application startup: Molecast version=0.1.0 environment=local
[2026-04-28 14:20:03] INFO: Database initialized with default location: Portage, MI 49002
[2026-04-28 14:20:03] INFO: Alert ingestion started with refresh interval: 60 seconds
[2026-04-28 14:20:13] WARNING: Unable to fetch live NWS alerts; returning local test alerts only. test_alert_count=2
[2026-04-28 14:25:12] INFO: Request completed: method=GET path=/api/alerts/active status_code=200 duration_ms=6.27
[2026-04-28 14:25:12] INFO: Request completed: method=GET path=/api/test-alerts/status status_code=200 duration_ms=228.28
[2026-04-28 14:39:29] WARNING: Unable to fetch live NWS alerts; returning local test alerts only. test_alert_count=2
[2026-04-28 14:44:21] INFO: Request completed: method=GET path=/test-alerts status_code=200 duration_ms=11.47
[2026-04-28 14:44:22] INFO: Request completed: method=GET path=/api/test-alerts status_code=200 duration_ms=3.64
[2026-04-28 14:44:22] INFO: Request completed: method=GET path=/api/test-alerts/status status_code=200 duration_ms=258.31
[2026-04-28 14:47:11] INFO: Saved test alert file: file=/app/test/alerts_test.json alerts=15 enabled=0 backup=/app/test/alerts_test.json.bak
[2026-04-28 14:47:18] INFO: Test alert refresh triggered: location_id=1 active_alerts=0 active_test_alerts=0 refreshed_at=2026-04-28T14:47:18.674087+00:00
[2026-04-28 14:47:18] INFO: Request completed: method=PUT path=/api/test-alerts status_code=200 duration_ms=7309.25
[2026-04-28 14:47:18] INFO: Request completed: method=GET path=/api/test-alerts status_code=200 duration_ms=8.01
[2026-04-28 14:47:18] INFO: Request completed: method=GET path=/api/test-alerts/status status_code=200 duration_ms=82.23
[2026-04-28 14:48:10] INFO: Request completed: method=GET path=/ status_code=200 duration_ms=6.81
[2026-04-28 14:48:11] INFO: Request completed: method=GET path=/api/alerts/active status_code=200 duration_ms=6.23
[2026-04-28 14:48:16] INFO: Request completed: method=GET path=/test-alerts status_code=200 duration_ms=0.83
[2026-04-28 14:48:17] INFO: Request completed: method=GET path=/api/test-alerts status_code=200 duration_ms=5.03
[2026-04-28 14:48:17] INFO: Request completed: method=GET path=/api/test-alerts/status status_code=200 duration_ms=443.45
[2026-04-28 14:48:32] INFO: Saved test alert file: file=/app/test/alerts_test.json alerts=15 enabled=1 backup=/app/test/alerts_test.json.bak
[2026-04-28 14:48:32] INFO: Test alert refresh triggered: location_id=1 active_alerts=1 active_test_alerts=1 refreshed_at=2026-04-28T14:48:32.817739+00:00
[2026-04-28 14:48:32] INFO: Request completed: method=PUT path=/api/test-alerts status_code=200 duration_ms=112.51
[2026-04-28 14:48:32] INFO: Request completed: method=GET path=/api/test-alerts status_code=200 duration_ms=2.42
[2026-04-28 14:48:32] INFO: Request completed: method=GET path=/api/test-alerts/status status_code=200 duration_ms=75.89
[2026-04-28 14:48:54] INFO: Saved test alert file: file=/app/test/alerts_test.json alerts=15 enabled=1 backup=/app/test/alerts_test.json.bak
[2026-04-28 14:48:54] INFO: Test alert refresh triggered: location_id=1 active_alerts=1 active_test_alerts=1 refreshed_at=2026-04-28T14:48:54.680771+00:00
[2026-04-28 14:48:54] INFO: Request completed: method=PUT path=/api/test-alerts status_code=200 duration_ms=229.04
[2026-04-28 14:48:54] INFO: Request completed: method=GET path=/api/test-alerts status_code=200 duration_ms=2.04
[2026-04-28 14:48:54] INFO: Request completed: method=GET path=/api/test-alerts/status status_code=200 duration_ms=89.97
[2026-04-28 14:48:58] INFO: Saved test alert file: file=/app/test/alerts_test.json alerts=15 enabled=1 backup=/app/test/alerts_test.json.bak
[2026-04-28 14:48:58] INFO: Test alert refresh triggered: location_id=1 active_alerts=1 active_test_alerts=1 refreshed_at=2026-04-28T14:48:58.766488+00:00
[2026-04-28 14:48:58] INFO: Request completed: method=PUT path=/api/test-alerts status_code=200 duration_ms=121.79
[2026-04-28 14:48:58] INFO: Request completed: method=GET path=/api/test-alerts status_code=200 duration_ms=6.60
[2026-04-28 14:48:58] INFO: Request completed: method=GET path=/api/test-alerts/status status_code=200 duration_ms=86.66
[2026-04-28 14:48:59] INFO: Saved test alert file: file=/app/test/alerts_test.json alerts=15 enabled=1 backup=/app/test/alerts_test.json.bak
[2026-04-28 14:48:59] INFO: Test alert refresh triggered: location_id=1 active_alerts=1 active_test_alerts=1 refreshed_at=2026-04-28T14:48:59.910247+00:00
[2026-04-28 14:48:59] INFO: Request completed: method=PUT path=/api/test-alerts status_code=200 duration_ms=74.57
[2026-04-28 14:48:59] INFO: Request completed: method=GET path=/api/test-alerts status_code=200 duration_ms=4.51
[2026-04-28 14:49:00] INFO: Request completed: method=GET path=/api/test-alerts/status status_code=200 duration_ms=95.21
[2026-04-28 14:49:05] INFO: Request completed: method=GET path=/api/test-alerts status_code=200 duration_ms=13.42
[2026-04-28 14:49:05] INFO: Request completed: method=GET path=/api/test-alerts/status status_code=200 duration_ms=75.25
[2026-04-28 14:49:37] INFO: Saved test alert file: file=/app/test/alerts_test.json alerts=15 enabled=1 backup=/app/test/alerts_test.json.bak
[2026-04-28 14:49:37] INFO: Test alert refresh triggered: location_id=1 active_alerts=1 active_test_alerts=1 refreshed_at=2026-04-28T14:49:37.812325+00:00
[2026-04-28 14:49:37] INFO: Request completed: method=PUT path=/api/test-alerts status_code=200 duration_ms=100.99
[2026-04-28 14:49:37] INFO: Request completed: method=GET path=/api/test-alerts status_code=200 duration_ms=2.35
[2026-04-28 14:49:37] INFO: Request completed: method=GET path=/api/test-alerts/status status_code=200 duration_ms=86.72
[2026-04-28 14:50:23] INFO: Request completed: method=GET path=/ status_code=200 duration_ms=7.57
[2026-04-28 14:50:24] INFO: Request completed: method=GET path=/api/alerts/active status_code=200 duration_ms=4.28
[2026-04-28 14:50:27] INFO: Request completed: method=GET path=/test-alerts status_code=200 duration_ms=0.69
[2026-04-28 14:50:27] INFO: Request completed: method=GET path=/api/test-alerts status_code=200 duration_ms=2.12
[2026-04-28 14:50:27] INFO: Request completed: method=GET path=/api/test-alerts/status status_code=200 duration_ms=218.23
[2026-04-28 14:54:22] INFO: Application shutdown: Molecast
[2026-04-28 14:54:25] INFO: Application startup: Molecast version=0.1.0 environment=local
[2026-04-28 14:54:25] INFO: Database initialized with default location: Portage, MI 49002
[2026-04-28 14:54:25] INFO: Alert ingestion started with refresh interval: 60 seconds
[2026-04-28 14:54:28] INFO: Request completed: method=GET path=/api/alerts/active status_code=200 duration_ms=5.91
[2026-04-28 14:54:28] INFO: Request completed: method=GET path=/api/test-alerts/status status_code=200 duration_ms=90.04
[2026-04-28 14:58:36] WARNING: Unable to fetch live NWS alerts; returning local test alerts only. test_alert_count=1
[2026-04-28 15:07:34] INFO: Request completed: method=GET path=/api/alerts/active status_code=200 duration_ms=2.61
[2026-04-28 15:07:34] INFO: Request completed: method=GET path=/api/test-alerts/status status_code=200 duration_ms=218.83
